<?xml version="1.0" encoding="UTF-8"?>
<testng-results ignored="0" total="2" passed="2" failed="0" skipped="0">
  <reporter-output>
  </reporter-output>
  <suite started-at="2022-11-15T13:01:18 IST" name="Suite" finished-at="2022-11-15T13:01:34 IST" duration-ms="15579">
    <groups>
    </groups>
    <test started-at="2022-11-15T13:01:18 IST" name="Test" finished-at="2022-11-15T13:01:34 IST" duration-ms="15579">
      <class name="com.components.test.AllatAPlaceTest">
        <test-method is-config="true" signature="setup()[pri:0, instance:com.components.test.AllatAPlaceTest@4c9f8c13]" started-at="2022-11-15T13:01:19 IST" name="setup" finished-at="2022-11-15T13:01:25 IST" duration-ms="6333" status="PASS">
          <reporter-output>
          </reporter-output>
        </test-method> <!-- setup -->
        <test-method signature="test()[pri:0, instance:com.components.test.AllatAPlaceTest@4c9f8c13]" started-at="2022-11-15T13:01:25 IST" name="test" finished-at="2022-11-15T13:01:30 IST" duration-ms="5077" status="PASS">
          <reporter-output>
          </reporter-output>
        </test-method> <!-- test -->
        <test-method is-config="true" signature="setup()[pri:0, instance:com.components.test.AllatAPlaceTest@4c9f8c13]" started-at="2022-11-15T13:01:30 IST" name="setup" finished-at="2022-11-15T13:01:34 IST" duration-ms="3945" status="PASS">
          <reporter-output>
          </reporter-output>
        </test-method> <!-- setup -->
        <test-method signature="test2()[pri:2, instance:com.components.test.AllatAPlaceTest@4c9f8c13]" started-at="2022-11-15T13:01:34 IST" name="test2" finished-at="2022-11-15T13:01:34 IST" duration-ms="0" status="PASS">
          <reporter-output>
          </reporter-output>
        </test-method> <!-- test2 -->
      </class> <!-- com.components.test.AllatAPlaceTest -->
    </test> <!-- Test -->
  </suite> <!-- Suite -->
</testng-results>
