<?xml version="1.0" encoding="UTF-8"?>
<testng-results ignored="0" total="1" passed="1" failed="0" skipped="0">
  <reporter-output>
  </reporter-output>
  <suite started-at="2022-10-20T16:53:02 IST" name="Default suite" finished-at="2022-10-20T16:53:11 IST" duration-ms="9874">
    <groups>
    </groups>
    <test started-at="2022-10-20T16:53:02 IST" name="Default test" finished-at="2022-10-20T16:53:11 IST" duration-ms="9874">
      <class name="com.components.test.AllatAPlaceTest">
        <test-method is-config="true" signature="setup()[pri:0, instance:com.components.test.AllatAPlaceTest@42e99e4a]" started-at="2022-10-20T16:53:02 IST" name="setup" finished-at="2022-10-20T16:53:06 IST" duration-ms="4377" status="PASS">
          <reporter-output>
          </reporter-output>
        </test-method> <!-- setup -->
        <test-method signature="test()[pri:0, instance:com.components.test.AllatAPlaceTest@42e99e4a]" started-at="2022-10-20T16:53:06 IST" name="test" finished-at="2022-10-20T16:53:11 IST" duration-ms="5436" status="PASS">
          <reporter-output>
          </reporter-output>
        </test-method> <!-- test -->
      </class> <!-- com.components.test.AllatAPlaceTest -->
    </test> <!-- Default test -->
  </suite> <!-- Default suite -->
</testng-results>
