<?xml version="1.0" encoding="UTF-8"?>
<testng-results ignored="0" total="2" passed="2" failed="0" skipped="0">
  <reporter-output>
  </reporter-output>
  <suite started-at="2022-11-15T11:30:20 IST" name="Default suite" finished-at="2022-11-15T11:30:35 IST" duration-ms="15147">
    <groups>
    </groups>
    <test started-at="2022-11-15T11:30:20 IST" name="Default test" finished-at="2022-11-15T11:30:35 IST" duration-ms="15147">
      <class name="com.components.test.AllatAPlaceTest">
        <test-method is-config="true" signature="setup()[pri:0, instance:com.components.test.AllatAPlaceTest@4f6ee6e4]" started-at="2022-11-15T11:30:20 IST" name="setup" finished-at="2022-11-15T11:30:26 IST" duration-ms="5610" status="PASS">
          <reporter-output>
          </reporter-output>
        </test-method> <!-- setup -->
        <test-method signature="test()[pri:0, instance:com.components.test.AllatAPlaceTest@4f6ee6e4]" started-at="2022-11-15T11:30:26 IST" name="test" finished-at="2022-11-15T11:30:32 IST" duration-ms="5681" status="PASS">
          <reporter-output>
          </reporter-output>
        </test-method> <!-- test -->
        <test-method is-config="true" signature="setup()[pri:0, instance:com.components.test.AllatAPlaceTest@4f6ee6e4]" started-at="2022-11-15T11:30:32 IST" name="setup" finished-at="2022-11-15T11:30:35 IST" duration-ms="3791" status="PASS">
          <reporter-output>
          </reporter-output>
        </test-method> <!-- setup -->
        <test-method signature="test2()[pri:2, instance:com.components.test.AllatAPlaceTest@4f6ee6e4]" started-at="2022-11-15T11:30:35 IST" name="test2" finished-at="2022-11-15T11:30:35 IST" duration-ms="1" status="PASS">
          <reporter-output>
          </reporter-output>
        </test-method> <!-- test2 -->
      </class> <!-- com.components.test.AllatAPlaceTest -->
    </test> <!-- Default test -->
  </suite> <!-- Default suite -->
</testng-results>
